Apple.obj : error LNK2019: unresolved external symbol "__declspec(dllimport) public: void __cdecl sf::Transformable::setPosition(float,float)" (__imp_?setPosition@Transformable@sf@@QEAAXMM@Z) referenced in function "public: void __cdecl Apple::spawn(void)" (?spawn@Apple@@QEAAXXZ)
Apple.obj : error LNK2019: unresolved external symbol "__declspec(dllimport) public: void __cdecl sf::Shape::setTexture(class sf::Texture const *,bool)" (__imp_?setTexture@Shape@sf@@QEAAXPEBVTexture@2@_N@Z) referenced in function "public: __cdecl Apple::Apple(void)" (??0Apple@@QEAA@XZ)
Apple.obj : error LNK2019: unresolved external symbol "__declspec(dllimport) public: void __cdecl sf::Shape::setFillColor(class sf::Color const &)" (__imp_?setFillColor@Shape@sf@@QEAAXAEBVColor@2@@Z) referenced in function "public: __cdecl Apple::Apple(void)" (??0Apple@@QEAA@XZ)
Apple.obj : error LNK2019: unresolved external symbol "__declspec(dllimport) public: __cdecl sf::Texture::Texture(void)" (__imp_??0Texture@sf@@QEAA@XZ) referenced in function "public: __cdecl Apple::Apple(void)" (??0Apple@@QEAA@XZ)
Apple.obj : error LNK2019: unresolved external symbol "__declspec(dllimport) public: __cdecl sf::Texture::~Texture(void)" (__imp_??1Texture@sf@@QEAA@XZ) referenced in function "int `public: __cdecl Apple::Apple(void)'::`1'::dtor$1" (?dtor$1@?0???0Apple@@QEAA@XZ@4HA)
Game.obj : error LNK2001: unresolved external symbol "__declspec(dllimport) public: __cdecl sf::Texture::~Texture(void)" (__imp_??1Texture@sf@@QEAA@XZ)
Apple.obj : error LNK2019: unresolved external symbol "__declspec(dllimport) public: bool __cdecl sf::Texture::loadFromFile(class std::basic_string<char,struct std::char_traits<char>,class std::allocator<char> > const &,class sf::Rect<int> const &)" (__imp_?loadFromFile@Texture@sf@@QEAA_NAEBV?$basic_string@DU?$char_traits@D@std@@V?$allocator@D@2@@std@@AEBV?$Rect@H@2@@Z) referenced in function "public: __cdecl Apple::Apple(void)" (??0Apple@@QEAA@XZ)
Apple.obj : error LNK2019: unresolved external symbol "__declspec(dllimport) public: __cdecl sf::RectangleShape::RectangleShape(class sf::Vector2<float> const &)" (__imp_??0RectangleShape@sf@@QEAA@AEBV?$Vector2@M@1@@Z) referenced in function "public: __cdecl Apple::Apple(void)" (??0Apple@@QEAA@XZ)
Snake.obj : error LNK2001: unresolved external symbol "__declspec(dllimport) public: __cdecl sf::RectangleShape::RectangleShape(class sf::Vector2<float> const &)" (__imp_??0RectangleShape@sf@@QEAA@AEBV?$Vector2@M@1@@Z)
Head.obj : error LNK2001: unresolved external symbol "__declspec(dllimport) public: __cdecl sf::RectangleShape::RectangleShape(class sf::Vector2<float> const &)" (__imp_??0RectangleShape@sf@@QEAA@AEBV?$Vector2@M@1@@Z)
Game.obj : error LNK2001: unresolved external symbol "__declspec(dllimport) public: __cdecl sf::RectangleShape::RectangleShape(class sf::Vector2<float> const &)" (__imp_??0RectangleShape@sf@@QEAA@AEBV?$Vector2@M@1@@Z)
Apple.obj : error LNK2019: unresolved external symbol "__declspec(dllimport) public: void __cdecl sf::RectangleShape::setSize(class sf::Vector2<float> const &)" (__imp_?setSize@RectangleShape@sf@@QEAAXAEBV?$Vector2@M@2@@Z) referenced in function "public: __cdecl Apple::Apple(void)" (??0Apple@@QEAA@XZ)
Head.obj : error LNK2001: unresolved external symbol "__declspec(dllimport) public: void __cdecl sf::RectangleShape::setSize(class sf::Vector2<float> const &)" (__imp_?setSize@RectangleShape@sf@@QEAAXAEBV?$Vector2@M@2@@Z)
Game.obj : error LNK2001: unresolved external symbol "__declspec(dllimport) public: void __cdecl sf::RectangleShape::setSize(class sf::Vector2<float> const &)" (__imp_?setSize@RectangleShape@sf@@QEAAXAEBV?$Vector2@M@2@@Z)
Apple.obj : error LNK2019: unresolved external symbol "__declspec(dllimport) public: virtual __cdecl sf::RectangleShape::~RectangleShape(void)" (__imp_??1RectangleShape@sf@@UEAA@XZ) referenced in function "int `public: __cdecl Apple::Apple(void)'::`1'::dtor$0" (?dtor$0@?0???0Apple@@QEAA@XZ@4HA)
Snake.obj : error LNK2001: unresolved external symbol "__declspec(dllimport) public: virtual __cdecl sf::RectangleShape::~RectangleShape(void)" (__imp_??1RectangleShape@sf@@UEAA@XZ)
Head.obj : error LNK2001: unresolved external symbol "__declspec(dllimport) public: virtual __cdecl sf::RectangleShape::~RectangleShape(void)" (__imp_??1RectangleShape@sf@@UEAA@XZ)
Game.obj : error LNK2001: unresolved external symbol "__declspec(dllimport) public: virtual __cdecl sf::RectangleShape::~RectangleShape(void)" (__imp_??1RectangleShape@sf@@UEAA@XZ)
Apple.obj : error LNK2019: unresolved external symbol "__declspec(dllimport) public: void __cdecl sf::RenderTarget::draw(class sf::Drawable const &,class sf::RenderStates const &)" (__imp_?draw@RenderTarget@sf@@QEAAXAEBVDrawable@2@AEBVRenderStates@2@@Z) referenced in function "public: void __cdecl Apple::draw(class sf::RenderWindow &)" (?draw@Apple@@QEAAXAEAVRenderWindow@sf@@@Z)
Snake.obj : error LNK2001: unresolved external symbol "__declspec(dllimport) public: void __cdecl sf::RenderTarget::draw(class sf::Drawable const &,class sf::RenderStates const &)" (__imp_?draw@RenderTarget@sf@@QEAAXAEBVDrawable@2@AEBVRenderStates@2@@Z)
Head.obj : error LNK2001: unresolved external symbol "__declspec(dllimport) public: void __cdecl sf::RenderTarget::draw(class sf::Drawable const &,class sf::RenderStates const &)" (__imp_?draw@RenderTarget@sf@@QEAAXAEBVDrawable@2@AEBVRenderStates@2@@Z)
Game.obj : error LNK2001: unresolved external symbol "__declspec(dllimport) public: void __cdecl sf::RenderTarget::draw(class sf::Drawable const &,class sf::RenderStates const &)" (__imp_?draw@RenderTarget@sf@@QEAAXAEBVDrawable@2@AEBVRenderStates@2@@Z)
Apple.obj : error LNK2019: unresolved external symbol "__declspec(dllimport) public: static class sf::RenderStates const sf::RenderStates::Default" (__imp_?Default@RenderStates@sf@@2V12@B) referenced in function "public: void __cdecl Apple::draw(class sf::RenderWindow &)" (?draw@Apple@@QEAAXAEAVRenderWindow@sf@@@Z)
Snake.obj : error LNK2001: unresolved external symbol "__declspec(dllimport) public: static class sf::RenderStates const sf::RenderStates::Default" (__imp_?Default@RenderStates@sf@@2V12@B)
Head.obj : error LNK2001: unresolved external symbol "__declspec(dllimport) public: static class sf::RenderStates const sf::RenderStates::Default" (__imp_?Default@RenderStates@sf@@2V12@B)
Game.obj : error LNK2001: unresolved external symbol "__declspec(dllimport) public: static class sf::RenderStates const sf::RenderStates::Default" (__imp_?Default@RenderStates@sf@@2V12@B)
Apple.obj : error LNK2019: unresolved external symbol "__declspec(dllimport) public: static class sf::Color const sf::Color::Red" (__imp_?Red@Color@sf@@2V12@B) referenced in function "public: __cdecl Apple::Apple(void)" (??0Apple@@QEAA@XZ)
Collison.obj : error LNK2019: unresolved external symbol "__declspec(dllimport) public: class sf::Vector2<float> const & __cdecl sf::Transformable::getPosition(void)const " (__imp_?getPosition@Transformable@sf@@QEBAAEBV?$Vector2@M@2@XZ) referenced in function "private: bool __cdecl Collison::checkCollison(class sf::RectangleShape *,class sf::RectangleShape *)" (?checkCollison@Collison@@AEAA_NPEAVRectangleShape@sf@@0@Z)
Snake.obj : error LNK2001: unresolved external symbol "__declspec(dllimport) public: class sf::Vector2<float> const & __cdecl sf::Transformable::getPosition(void)const " (__imp_?getPosition@Transformable@sf@@QEBAAEBV?$Vector2@M@2@XZ)
Collison.obj : error LNK2019: unresolved external symbol "__declspec(dllimport) public: class sf::Vector2<float> const & __cdecl sf::RectangleShape::getSize(void)const " (__imp_?getSize@RectangleShape@sf@@QEBAAEBV?$Vector2@M@2@XZ) referenced in function "private: bool __cdecl Collison::checkCollison(class sf::RectangleShape *,class sf::RectangleShape *)" (?checkCollison@Collison@@AEAA_NPEAVRectangleShape@sf@@0@Z)
Snake.obj : error LNK2019: unresolved external symbol "__declspec(dllimport) class sf::Time __cdecl sf::seconds(float)" (__imp_?seconds@sf@@YA?AVTime@1@M@Z) referenced in function "public: __cdecl Snake::Snake(void)" (??0Snake@@QEAA@XZ)
Snake.obj : error LNK2019: unresolved external symbol "__declspec(dllimport) bool __cdecl sf::operator>(class sf::Time,class sf::Time)" (__imp_??Osf@@YA_NVTime@0@0@Z) referenced in function "public: void __cdecl Snake::update(void)" (?update@Snake@@QEAAXXZ)
Snake.obj : error LNK2019: unresolved external symbol "__declspec(dllimport) class sf::Time & __cdecl sf::operator+=(class sf::Time &,class sf::Time)" (__imp_??Ysf@@YAAEAVTime@0@AEAV10@V10@@Z) referenced in function "public: void __cdecl Snake::update(void)" (?update@Snake@@QEAAXXZ)
Snake.obj : error LNK2019: unresolved external symbol "__declspec(dllimport) class sf::Time & __cdecl sf::operator-=(class sf::Time &,class sf::Time)" (__imp_??Zsf@@YAAEAVTime@0@AEAV10@V10@@Z) referenced in function "public: void __cdecl Snake::update(void)" (?update@Snake@@QEAAXXZ)
Snake.obj : error LNK2019: unresolved external symbol "__declspec(dllimport) public: __cdecl sf::Clock::Clock(void)" (__imp_??0Clock@sf@@QEAA@XZ) referenced in function "public: __cdecl Snake::Snake(void)" (??0Snake@@QEAA@XZ)
Game.obj : error LNK2001: unresolved external symbol "__declspec(dllimport) public: __cdecl sf::Clock::Clock(void)" (__imp_??0Clock@sf@@QEAA@XZ)
Snake.obj : error LNK2019: unresolved external symbol "__declspec(dllimport) public: class sf::Time __cdecl sf::Clock::restart(void)" (__imp_?restart@Clock@sf@@QEAA?AVTime@2@XZ) referenced in function "public: void __cdecl Snake::update(void)" (?update@Snake@@QEAAXXZ)
Snake.obj : error LNK2019: unresolved external symbol "__declspec(dllimport) public: static bool __cdecl sf::Keyboard::isKeyPressed(enum sf::Keyboard::Key)" (__imp_?isKeyPressed@Keyboard@sf@@SA_NW4Key@12@@Z) referenced in function "public: void __cdecl Snake::input(void)" (?input@Snake@@QEAAXXZ)
Snake.obj : error LNK2019: unresolved external symbol "__declspec(dllimport) public: void __cdecl sf::Transformable::setPosition(class sf::Vector2<float> const &)" (__imp_?setPosition@Transformable@sf@@QEAAXAEBV?$Vector2@M@2@@Z) referenced in function "private: void __cdecl Snake::selfHit(class Apple *)" (?selfHit@Snake@@AEAAXPEAVApple@@@Z)
Head.obj : error LNK2001: unresolved external symbol "__declspec(dllimport) public: void __cdecl sf::Transformable::setPosition(class sf::Vector2<float> const &)" (__imp_?setPosition@Transformable@sf@@QEAAXAEBV?$Vector2@M@2@@Z)
Game.obj : error LNK2001: unresolved external symbol "__declspec(dllimport) public: void __cdecl sf::Transformable::setPosition(class sf::Vector2<float> const &)" (__imp_?setPosition@Transformable@sf@@QEAAXAEBV?$Vector2@M@2@@Z)
Snake.obj : error LNK2019: unresolved external symbol "__declspec(dllimport) public: __cdecl sf::RectangleShape::RectangleShape(class sf::RectangleShape const &)" (__imp_??0RectangleShape@sf@@QEAA@AEBV01@@Z) referenced in function "public: static void __cdecl std::_Default_allocator_traits<class std::allocator<class sf::RectangleShape> >::construct<class sf::RectangleShape,class sf::RectangleShape &>(class std::allocator<class sf::RectangleShape> &,class sf::RectangleShape * const,class sf::RectangleShape &)" (??$construct@VRectangleShape@sf@@AEAV12@@?$_Default_allocator_traits@V?$allocator@VRectangleShape@sf@@@std@@@std@@SAXAEAV?$allocator@VRectangleShape@sf@@@1@QEAVRectangleShape@sf@@AEAV34@@Z)
Snake.obj : error LNK2019: unresolved external symbol "__declspec(dllimport) public: __cdecl sf::RectangleShape::RectangleShape(class sf::RectangleShape &&)" (__imp_??0RectangleShape@sf@@QEAA@$$QEAV01@@Z) referenced in function "public: static void __cdecl std::_Default_allocator_traits<class std::allocator<class sf::RectangleShape> >::construct<class sf::RectangleShape,class sf::RectangleShape>(class std::allocator<class sf::RectangleShape> &,class sf::RectangleShape * const,class sf::RectangleShape &&)" (??$construct@VRectangleShape@sf@@V12@@?$_Default_allocator_traits@V?$allocator@VRectangleShape@sf@@@std@@@std@@SAXAEAV?$allocator@VRectangleShape@sf@@@1@QEAVRectangleShape@sf@@$$QEAV34@@Z)
Snake.obj : error LNK2019: unresolved external symbol "__declspec(dllimport) public: class sf::RectangleShape & __cdecl sf::RectangleShape::operator=(class sf::RectangleShape &&)" (__imp_??4RectangleShape@sf@@QEAAAEAV01@$$QEAV01@@Z) referenced in function "class sf::RectangleShape * __cdecl std::_Move_unchecked<class sf::RectangleShape *,class sf::RectangleShape *>(class sf::RectangleShape *,class sf::RectangleShape *,class sf::RectangleShape *)" (??$_Move_unchecked@PEAVRectangleShape@sf@@PEAV12@@std@@YAPEAVRectangleShape@sf@@PEAV12@00@Z)
Snake.obj : error LNK2001: unresolved external symbol "public: virtual unsigned __int64 __cdecl sf::RectangleShape::getPointCount(void)const " (?getPointCount@RectangleShape@sf@@UEBA_KXZ)
Snake.obj : error LNK2001: unresolved external symbol "public: virtual class sf::Vector2<float> __cdecl sf::RectangleShape::getPoint(unsigned __int64)const " (?getPoint@RectangleShape@sf@@UEBA?AV?$Vector2@M@2@_K@Z)
Snake.obj : error LNK2001: unresolved external symbol "private: virtual void __cdecl sf::Shape::draw(class sf::RenderTarget &,class sf::RenderStates)const " (?draw@Shape@sf@@EEBAXAEAVRenderTarget@2@VRenderStates@2@@Z)
Snake.obj : error LNK2019: unresolved external symbol "__declspec(dllimport) public: static class sf::Time const sf::Time::Zero" (__imp_?Zero@Time@sf@@2V12@B) referenced in function "public: __cdecl Snake::Snake(void)" (??0Snake@@QEAA@XZ)
Head.obj : error LNK2019: unresolved external symbol "__declspec(dllimport) public: void __cdecl sf::Transformable::move(float,float)" (__imp_?move@Transformable@sf@@QEAAXMM@Z) referenced in function "private: void __cdecl Head::moveEast(void)" (?moveEast@Head@@AEAAXXZ)
Game.obj : error LNK2019: unresolved external symbol "__declspec(dllimport) public: __cdecl sf::String::String(char const *,class std::locale const &)" (__imp_??0String@sf@@QEAA@PEBDAEBVlocale@std@@@Z) referenced in function "void __cdecl `dynamic initializer for 'private: static class sf::RenderWindow Game::window''(void)" (??__E?window@Game@@0VRenderWindow@sf@@A@@YAXXZ)
Game.obj : error LNK2019: unresolved external symbol "__declspec(dllimport) public: __cdecl sf::String::~String(void)" (__imp_??1String@sf@@QEAA@XZ) referenced in function "void __cdecl `dynamic initializer for 'private: static class sf::RenderWindow Game::window''(void)" (??__E?window@Game@@0VRenderWindow@sf@@A@@YAXXZ)
Game.obj : error LNK2019: unresolved external symbol "__declspec(dllimport) public: __cdecl sf::VideoMode::VideoMode(unsigned int,unsigned int,unsigned int)" (__imp_??0VideoMode@sf@@QEAA@III@Z) referenced in function "void __cdecl `dynamic initializer for 'private: static class sf::RenderWindow Game::window''(void)" (??__E?window@Game@@0VRenderWindow@sf@@A@@YAXXZ)
Game.obj : error LNK2019: unresolved external symbol "__declspec(dllimport) public: void __cdecl sf::Window::close(void)" (__imp_?close@Window@sf@@QEAAXXZ) referenced in function "private: void __cdecl Game::eventRecorder(void)" (?eventRecorder@Game@@AEAAXXZ)
Game.obj : error LNK2019: unresolved external symbol "__declspec(dllimport) public: bool __cdecl sf::Window::isOpen(void)const " (__imp_?isOpen@Window@sf@@QEBA_NXZ) referenced in function "public: void __cdecl Game::startGame(void)" (?startGame@Game@@QEAAXXZ)
Game.obj : error LNK2019: unresolved external symbol "__declspec(dllimport) public: bool __cdecl sf::Window::pollEvent(class sf::Event &)" (__imp_?pollEvent@Window@sf@@QEAA_NAEAVEvent@2@@Z) referenced in function "private: void __cdecl Game::eventRecorder(void)" (?eventRecorder@Game@@AEAAXXZ)
Game.obj : error LNK2019: unresolved external symbol "__declspec(dllimport) public: void __cdecl sf::Window::setFramerateLimit(unsigned int)" (__imp_?setFramerateLimit@Window@sf@@QEAAXI@Z) referenced in function "public: __cdecl Game::Game(void)" (??0Game@@QEAA@XZ)
Game.obj : error LNK2019: unresolved external symbol "__declspec(dllimport) public: void __cdecl sf::Window::display(void)" (__imp_?display@Window@sf@@QEAAXXZ) referenced in function "private: void __cdecl Game::render(void)" (?render@Game@@AEAAXXZ)
Game.obj : error LNK2019: unresolved external symbol "__declspec(dllimport) public: __cdecl sf::Color::Color(unsigned char,unsigned char,unsigned char,unsigned char)" (__imp_??0Color@sf@@QEAA@EEEE@Z) referenced in function "private: void __cdecl Game::render(void)" (?render@Game@@AEAAXXZ)
Game.obj : error LNK2019: unresolved external symbol "__declspec(dllimport) public: __cdecl sf::View::View(class sf::Rect<float> const &)" (__imp_??0View@sf@@QEAA@AEBV?$Rect@M@1@@Z) referenced in function "void __cdecl `dynamic initializer for 'private: static class sf::View Game::view''(void)" (??__E?view@Game@@0VView@sf@@A@@YAXXZ)
Game.obj : error LNK2019: unresolved external symbol "__declspec(dllimport) public: void __cdecl sf::View::setSize(float,float)" (__imp_?setSize@View@sf@@QEAAXMM@Z) referenced in function "private: void __cdecl Game::resize(void)" (?resize@Game@@AEAAXXZ)
Game.obj : error LNK2019: unresolved external symbol "__declspec(dllimport) public: void __cdecl sf::RenderTarget::clear(class sf::Color const &)" (__imp_?clear@RenderTarget@sf@@QEAAXAEBVColor@2@@Z) referenced in function "private: void __cdecl Game::render(void)" (?render@Game@@AEAAXXZ)
Game.obj : error LNK2019: unresolved external symbol "__declspec(dllimport) public: void __cdecl sf::RenderTarget::setView(class sf::View const &)" (__imp_?setView@RenderTarget@sf@@QEAAXAEBVView@2@@Z) referenced in function "public: void __cdecl Game::startGame(void)" (?startGame@Game@@QEAAXXZ)
Game.obj : error LNK2019: unresolved external symbol "__declspec(dllimport) public: __cdecl sf::RenderWindow::RenderWindow(class sf::VideoMode,class sf::String const &,unsigned int,struct sf::ContextSettings const &)" (__imp_??0RenderWindow@sf@@QEAA@VVideoMode@1@AEBVString@1@IAEBUContextSettings@1@@Z) referenced in function "void __cdecl `dynamic initializer for 'private: static class sf::RenderWindow Game::window''(void)" (??__E?window@Game@@0VRenderWindow@sf@@A@@YAXXZ)
Game.obj : error LNK2019: unresolved external symbol "__declspec(dllimport) public: virtual __cdecl sf::RenderWindow::~RenderWindow(void)" (__imp_??1RenderWindow@sf@@UEAA@XZ) referenced in function "void __cdecl `dynamic atexit destructor for 'private: static class sf::RenderWindow Game::window''(void)" (??__F?window@Game@@0VRenderWindow@sf@@A@@YAXXZ)
Game.obj : error LNK2019: unresolved external symbol "__declspec(dllimport) public: virtual class sf::Vector2<unsigned int> __cdecl sf::RenderWindow::getSize(void)const " (__imp_?getSize@RenderWindow@sf@@UEBA?AV?$Vector2@I@2@XZ) referenced in function "private: void __cdecl Game::resize(void)" (?resize@Game@@AEAAXXZ)
C:\Users\ibrahim\Documents\c++\Snake sfml\Dependencies\sfml\lib\sfml-audio-d.lib : warning LNK4272: library machine type 'x86' conflicts with target machine type 'x64'
C:\Users\ibrahim\Documents\c++\Snake sfml\Dependencies\sfml\lib\sfml-graphics-d.lib : warning LNK4272: library machine type 'x86' conflicts with target machine type 'x64'
C:\Users\ibrahim\Documents\c++\Snake sfml\Dependencies\sfml\lib\sfml-network-d.lib : warning LNK4272: library machine type 'x86' conflicts with target machine type 'x64'
C:\Users\ibrahim\Documents\c++\Snake sfml\Dependencies\sfml\lib\sfml-system-d.lib : warning LNK4272: library machine type 'x86' conflicts with target machine type 'x64'
C:\Users\ibrahim\Documents\c++\Snake sfml\Dependencies\sfml\lib\sfml-window-d.lib : warning LNK4272: library machine type 'x86' conflicts with target machine type 'x64'
C:\Users\ibrahim\Documents\c++\Snake sfml\bin\x64\Debug\Snake sfml.exe : fatal error LNK1120: 46 unresolved externals
